<?xml version="1.0" encoding="UTF-8"?>
<coverage generated="1773253060146" clover="3.2.0">
  <project timestamp="1773253060146" name="All files">
    <metrics statements="80" coveredstatements="80" conditionals="63" coveredconditionals="47" methods="14" coveredmethods="14" elements="157" coveredelements="141" complexity="0" loc="80" ncloc="80" packages="5" files="5" classes="5"/>
    <package name="application">
      <metrics statements="27" coveredstatements="27" conditionals="10" coveredconditionals="8" methods="2" coveredmethods="2"/>
      <file name="SyncUsersUseCase.js" path="C:\Users\edima\OneDrive\ProcessoSeletivo\PayTrack1\src\application\SyncUsersUseCase.js">
        <metrics statements="27" coveredstatements="27" conditionals="10" coveredconditionals="8" methods="2" coveredmethods="2"/>
        <line num="1" count="1" type="stmt"/>
        <line num="16" count="10" type="stmt"/>
        <line num="17" count="10" type="stmt"/>
        <line num="25" count="10" type="stmt"/>
        <line num="34" count="10" type="stmt"/>
        <line num="35" count="9" type="stmt"/>
        <line num="36" count="9" type="stmt"/>
        <line num="37" count="10" type="stmt"/>
        <line num="38" count="10" type="stmt"/>
        <line num="41" count="10" type="cond" truecount="2" falsecount="0"/>
        <line num="42" count="2" type="stmt"/>
        <line num="43" count="2" type="stmt"/>
        <line num="47" count="2" type="stmt"/>
        <line num="51" count="8" type="cond" truecount="2" falsecount="0"/>
        <line num="52" count="2" type="stmt"/>
        <line num="53" count="2" type="stmt"/>
        <line num="56" count="6" type="stmt"/>
        <line num="58" count="6" type="cond" truecount="2" falsecount="0"/>
        <line num="59" count="1" type="stmt"/>
        <line num="60" count="1" type="stmt"/>
        <line num="62" count="5" type="stmt"/>
        <line num="63" count="4" type="stmt"/>
        <line num="66" count="1" type="stmt"/>
        <line num="67" count="1" type="stmt"/>
        <line num="73" count="9" type="stmt"/>
        <line num="74" count="9" type="stmt"/>
        <line num="89" count="1" type="stmt"/>
      </file>
    </package>
    <package name="config">
      <metrics statements="3" coveredstatements="3" conditionals="12" coveredconditionals="6" methods="0" coveredmethods="0"/>
      <file name="index.js" path="C:\Users\edima\OneDrive\ProcessoSeletivo\PayTrack1\src\config\index.js">
        <metrics statements="3" coveredstatements="3" conditionals="12" coveredconditionals="6" methods="0" coveredmethods="0"/>
        <line num="3" count="1" type="stmt"/>
        <line num="4" count="1" type="stmt"/>
        <line num="10" count="1" type="stmt"/>
      </file>
    </package>
    <package name="domain">
      <metrics statements="17" coveredstatements="17" conditionals="27" coveredconditionals="20" methods="3" coveredmethods="3"/>
      <file name="Users.js" path="C:\Users\edima\OneDrive\ProcessoSeletivo\PayTrack1\src\domain\Users.js">
        <metrics statements="17" coveredstatements="17" conditionals="27" coveredconditionals="20" methods="3" coveredmethods="3"/>
        <line num="13" count="25" type="cond" truecount="2" falsecount="0"/>
        <line num="14" count="25" type="cond" truecount="2" falsecount="0"/>
        <line num="15" count="25" type="stmt"/>
        <line num="16" count="25" type="cond" truecount="2" falsecount="0"/>
        <line num="17" count="25" type="cond" truecount="1" falsecount="1"/>
        <line num="18" count="25" type="cond" truecount="2" falsecount="0"/>
        <line num="19" count="25" type="cond" truecount="2" falsecount="0"/>
        <line num="20" count="25" type="cond" truecount="1" falsecount="1"/>
        <line num="21" count="25" type="cond" truecount="1" falsecount="1"/>
        <line num="22" count="25" type="cond" truecount="1" falsecount="1"/>
        <line num="23" count="25" type="cond" truecount="1" falsecount="1"/>
        <line num="24" count="25" type="cond" truecount="1" falsecount="1"/>
        <line num="25" count="25" type="cond" truecount="1" falsecount="1"/>
        <line num="33" count="12" type="stmt"/>
        <line num="41" count="16" type="stmt"/>
        <line num="42" count="16" type="stmt"/>
        <line num="50" count="2" type="stmt"/>
      </file>
    </package>
    <package name="infrastructure.api">
      <metrics statements="14" coveredstatements="14" conditionals="8" coveredconditionals="8" methods="2" coveredmethods="2"/>
      <file name="RandomUsersClient.js" path="C:\Users\edima\OneDrive\ProcessoSeletivo\PayTrack1\src\infrastructure\api\RandomUsersClient.js">
        <metrics statements="14" coveredstatements="14" conditionals="8" coveredconditionals="8" methods="2" coveredmethods="2"/>
        <line num="1" count="1" type="stmt"/>
        <line num="2" count="1" type="stmt"/>
        <line num="11" count="7" type="stmt"/>
        <line num="29" count="7" type="stmt"/>
        <line num="30" count="7" type="stmt"/>
        <line num="34" count="3" type="cond" truecount="2" falsecount="0"/>
        <line num="35" count="1" type="stmt"/>
        <line num="39" count="2" type="cond" truecount="2" falsecount="0"/>
        <line num="40" count="1" type="stmt"/>
        <line num="42" count="1" type="stmt"/>
        <line num="45" count="4" type="cond" truecount="4" falsecount="0"/>
        <line num="46" count="2" type="stmt"/>
        <line num="51" count="2" type="stmt"/>
        <line num="55" count="1" type="stmt"/>
      </file>
    </package>
    <package name="infrastructure.database">
      <metrics statements="19" coveredstatements="19" conditionals="6" coveredconditionals="5" methods="7" coveredmethods="7"/>
      <file name="UserRepository.js" path="C:\Users\edima\OneDrive\ProcessoSeletivo\PayTrack1\src\infrastructure\database\UserRepository.js">
        <metrics statements="19" coveredstatements="19" conditionals="6" coveredconditionals="5" methods="7" coveredmethods="7"/>
        <line num="11" count="12" type="stmt"/>
        <line num="12" count="12" type="stmt"/>
        <line num="16" count="12" type="stmt"/>
        <line num="36" count="12" type="stmt"/>
        <line num="40" count="9" type="stmt"/>
        <line num="41" count="9" type="cond" truecount="2" falsecount="0"/>
        <line num="42" count="9" type="cond" truecount="2" falsecount="0"/>
        <line num="43" count="9" type="stmt"/>
        <line num="44" count="9" type="stmt"/>
        <line num="48" count="3" type="stmt"/>
        <line num="52" count="11" type="stmt"/>
        <line num="58" count="11" type="stmt"/>
        <line num="63" count="10" type="stmt"/>
        <line num="67" count="2" type="stmt"/>
        <line num="84" count="2" type="stmt"/>
        <line num="90" count="2" type="stmt"/>
        <line num="94" count="6" type="stmt"/>
        <line num="95" count="6" type="cond" truecount="1" falsecount="1"/>
        <line num="99" count="1" type="stmt"/>
      </file>
    </package>
  </project>
</coverage>
