{"C:\\Users\\edima\\OneDrive\\ProcessoSeletivo\\PayTrack1\\src\\application\\SyncUsersUseCase.js": {"path":"C:\\Users\\edima\\OneDrive\\ProcessoSeletivo\\PayTrack1\\src\\application\\SyncUsersUseCase.js","statementMap":{"0":{"start":{"line":1,"column":13},"end":{"line":1,"column":39}},"1":{"start":{"line":16,"column":8},"end":{"line":16,"column":35}},"2":{"start":{"line":17,"column":8},"end":{"line":17,"column":45}},"3":{"start":{"line":25,"column":23},"end":{"line":33,"column":9}},"4":{"start":{"line":34,"column":25},"end":{"line":34,"column":58}},"5":{"start":{"line":35,"column":8},"end":{"line":35,"column":39}},"6":{"start":{"line":36,"column":8},"end":{"line":72,"column":9}},"7":{"start":{"line":37,"column":12},"end":{"line":71,"column":13}},"8":{"start":{"line":38,"column":29},"end":{"line":38,"column":46}},"9":{"start":{"line":41,"column":16},"end":{"line":48,"column":17}},"10":{"start":{"line":42,"column":20},"end":{"line":42,"column":37}},"11":{"start":{"line":43,"column":20},"end":{"line":46,"column":23}},"12":{"start":{"line":47,"column":20},"end":{"line":47,"column":29}},"13":{"start":{"line":51,"column":16},"end":{"line":54,"column":17}},"14":{"start":{"line":52,"column":20},"end":{"line":52,"column":37}},"15":{"start":{"line":53,"column":20},"end":{"line":53,"column":29}},"16":{"start":{"line":56,"column":33},"end":{"line":56,"column":76}},"17":{"start":{"line":58,"column":16},"end":{"line":64,"column":17}},"18":{"start":{"line":59,"column":20},"end":{"line":59,"column":53}},"19":{"start":{"line":60,"column":20},"end":{"line":60,"column":37}},"20":{"start":{"line":62,"column":20},"end":{"line":62,"column":53}},"21":{"start":{"line":63,"column":20},"end":{"line":63,"column":35}},"22":{"start":{"line":66,"column":16},"end":{"line":66,"column":33}},"23":{"start":{"line":67,"column":16},"end":{"line":70,"column":19}},"24":{"start":{"line":73,"column":8},"end":{"line":73,"column":53}},"25":{"start":{"line":74,"column":8},"end":{"line":74,"column":22}},"26":{"start":{"line":89,"column":0},"end":{"line":89,"column":34}}},"fnMap":{"0":{"name":"(anonymous_0)","decl":{"start":{"line":15,"column":4},"end":{"line":15,"column":5}},"loc":{"start":{"line":15,"column":47},"end":{"line":18,"column":5}},"line":15},"1":{"name":"(anonymous_1)","decl":{"start":{"line":23,"column":4},"end":{"line":23,"column":5}},"loc":{"start":{"line":23,"column":20},"end":{"line":75,"column":5}},"line":23}},"branchMap":{"0":{"loc":{"start":{"line":41,"column":16},"end":{"line":48,"column":17}},"type":"if","locations":[{"start":{"line":41,"column":16},"end":{"line":48,"column":17}},{"start":{},"end":{}}],"line":41},"1":{"loc":{"start":{"line":44,"column":31},"end":{"line":44,"column":59}},"type":"binary-expr","locations":[{"start":{"line":44,"column":31},"end":{"line":44,"column":41}},{"start":{"line":44,"column":45},"end":{"line":44,"column":59}}],"line":44},"2":{"loc":{"start":{"line":51,"column":16},"end":{"line":54,"column":17}},"type":"if","locations":[{"start":{"line":51,"column":16},"end":{"line":54,"column":17}},{"start":{},"end":{}}],"line":51},"3":{"loc":{"start":{"line":58,"column":16},"end":{"line":64,"column":17}},"type":"if","locations":[{"start":{"line":58,"column":16},"end":{"line":64,"column":17}},{"start":{"line":61,"column":23},"end":{"line":64,"column":17}}],"line":58},"4":{"loc":{"start":{"line":68,"column":27},"end":{"line":68,"column":61}},"type":"binary-expr","locations":[{"start":{"line":68,"column":27},"end":{"line":68,"column":41}},{"start":{"line":68,"column":45},"end":{"line":68,"column":61}}],"line":68}},"s":{"0":1,"1":10,"2":10,"3":10,"4":10,"5":9,"6":9,"7":10,"8":10,"9":10,"10":2,"11":2,"12":2,"13":8,"14":2,"15":2,"16":6,"17":6,"18":1,"19":1,"20":5,"21":4,"22":1,"23":1,"24":9,"25":9,"26":1},"f":{"0":10,"1":10},"b":{"0":[2,8],"1":[2,0],"2":[2,6],"3":[1,5],"4":[1,0]},"_coverageSchema":"1a1c01bbd47fc00a2c39e90264f33305004495a9","hash":"76a958f54016d9933fa86b695502ef71e800f97a"}
,"C:\\Users\\edima\\OneDrive\\ProcessoSeletivo\\PayTrack1\\src\\config\\index.js": {"path":"C:\\Users\\edima\\OneDrive\\ProcessoSeletivo\\PayTrack1\\src\\config\\index.js","statementMap":{"0":{"start":{"line":3,"column":0},"end":{"line":3,"column":27}},"1":{"start":{"line":4,"column":13},"end":{"line":4,"column":28}},"2":{"start":{"line":10,"column":0},"end":{"line":24,"column":2}}},"fnMap":{},"branchMap":{"0":{"loc":{"start":{"line":12,"column":17},"end":{"line":12,"column":78}},"type":"binary-expr","locations":[{"start":{"line":12,"column":17},"end":{"line":12,"column":47}},{"start":{"line":12,"column":51},"end":{"line":12,"column":78}}],"line":12},"1":{"loc":{"start":{"line":14,"column":26},"end":{"line":14,"column":67}},"type":"binary-expr","locations":[{"start":{"line":14,"column":26},"end":{"line":14,"column":56}},{"start":{"line":14,"column":60},"end":{"line":14,"column":67}}],"line":14},"2":{"loc":{"start":{"line":17,"column":14},"end":{"line":17,"column":92}},"type":"binary-expr","locations":[{"start":{"line":17,"column":14},"end":{"line":17,"column":39}},{"start":{"line":17,"column":43},"end":{"line":17,"column":92}}],"line":17},"3":{"loc":{"start":{"line":20,"column":19},"end":{"line":20,"column":93}},"type":"binary-expr","locations":[{"start":{"line":20,"column":19},"end":{"line":20,"column":49}},{"start":{"line":20,"column":53},"end":{"line":20,"column":93}}],"line":20},"4":{"loc":{"start":{"line":22,"column":9},"end":{"line":22,"column":46}},"type":"binary-expr","locations":[{"start":{"line":22,"column":9},"end":{"line":22,"column":29}},{"start":{"line":22,"column":33},"end":{"line":22,"column":46}}],"line":22},"5":{"loc":{"start":{"line":23,"column":14},"end":{"line":23,"column":45}},"type":"binary-expr","locations":[{"start":{"line":23,"column":14},"end":{"line":23,"column":35}},{"start":{"line":23,"column":39},"end":{"line":23,"column":45}}],"line":23}},"s":{"0":1,"1":1,"2":1},"f":{},"b":{"0":[1,0],"1":[1,0],"2":[1,0],"3":[1,0],"4":[1,0],"5":[1,0]},"_coverageSchema":"1a1c01bbd47fc00a2c39e90264f33305004495a9","hash":"5c59c5d3f68c81e0f56b53f06c7810350e06cefb"}
,"C:\\Users\\edima\\OneDrive\\ProcessoSeletivo\\PayTrack1\\src\\domain\\Users.js": {"path":"C:\\Users\\edima\\OneDrive\\ProcessoSeletivo\\PayTrack1\\src\\domain\\Users.js","statementMap":{"0":{"start":{"line":13,"column":8},"end":{"line":13,"column":51}},"1":{"start":{"line":14,"column":8},"end":{"line":14,"column":49}},"2":{"start":{"line":15,"column":8},"end":{"line":15,"column":68}},"3":{"start":{"line":16,"column":8},"end":{"line":16,"column":64}},"4":{"start":{"line":17,"column":8},"end":{"line":17,"column":43}},"5":{"start":{"line":18,"column":8},"end":{"line":18,"column":41}},"6":{"start":{"line":19,"column":8},"end":{"line":19,"column":53}},"7":{"start":{"line":20,"column":8},"end":{"line":20,"column":41}},"8":{"start":{"line":21,"column":8},"end":{"line":21,"column":55}},"9":{"start":{"line":22,"column":8},"end":{"line":22,"column":49}},"10":{"start":{"line":23,"column":8},"end":{"line":23,"column":51}},"11":{"start":{"line":24,"column":8},"end":{"line":24,"column":52}},"12":{"start":{"line":25,"column":8},"end":{"line":25,"column":45}},"13":{"start":{"line":33,"column":8},"end":{"line":33,"column":30}},"14":{"start":{"line":41,"column":27},"end":{"line":41,"column":55}},"15":{"start":{"line":42,"column":8},"end":{"line":46,"column":10}},"16":{"start":{"line":50,"column":0},"end":{"line":50,"column":22}}},"fnMap":{"0":{"name":"(anonymous_0)","decl":{"start":{"line":12,"column":4},"end":{"line":12,"column":5}},"loc":{"start":{"line":12,"column":25},"end":{"line":26,"column":5}},"line":12},"1":{"name":"(anonymous_1)","decl":{"start":{"line":32,"column":4},"end":{"line":32,"column":5}},"loc":{"start":{"line":32,"column":14},"end":{"line":34,"column":5}},"line":32},"2":{"name":"(anonymous_2)","decl":{"start":{"line":40,"column":4},"end":{"line":40,"column":5}},"loc":{"start":{"line":40,"column":14},"end":{"line":47,"column":5}},"line":40}},"branchMap":{"0":{"loc":{"start":{"line":13,"column":25},"end":{"line":13,"column":50}},"type":"binary-expr","locations":[{"start":{"line":13,"column":25},"end":{"line":13,"column":44}},{"start":{"line":13,"column":48},"end":{"line":13,"column":50}}],"line":13},"1":{"loc":{"start":{"line":14,"column":24},"end":{"line":14,"column":48}},"type":"binary-expr","locations":[{"start":{"line":14,"column":24},"end":{"line":14,"column":42}},{"start":{"line":14,"column":46},"end":{"line":14,"column":48}}],"line":14},"2":{"loc":{"start":{"line":16,"column":22},"end":{"line":16,"column":41}},"type":"binary-expr","locations":[{"start":{"line":16,"column":22},"end":{"line":16,"column":35}},{"start":{"line":16,"column":39},"end":{"line":16,"column":41}}],"line":16},"3":{"loc":{"start":{"line":17,"column":22},"end":{"line":17,"column":42}},"type":"binary-expr","locations":[{"start":{"line":17,"column":22},"end":{"line":17,"column":36}},{"start":{"line":17,"column":40},"end":{"line":17,"column":42}}],"line":17},"4":{"loc":{"start":{"line":18,"column":19},"end":{"line":18,"column":40}},"type":"binary-expr","locations":[{"start":{"line":18,"column":19},"end":{"line":18,"column":35}},{"start":{"line":18,"column":39},"end":{"line":18,"column":40}}],"line":18},"5":{"loc":{"start":{"line":19,"column":27},"end":{"line":19,"column":52}},"type":"binary-expr","locations":[{"start":{"line":19,"column":27},"end":{"line":19,"column":44}},{"start":{"line":19,"column":48},"end":{"line":19,"column":52}}],"line":19},"6":{"loc":{"start":{"line":20,"column":21},"end":{"line":20,"column":40}},"type":"binary-expr","locations":[{"start":{"line":20,"column":21},"end":{"line":20,"column":34}},{"start":{"line":20,"column":38},"end":{"line":20,"column":40}}],"line":20},"7":{"loc":{"start":{"line":21,"column":23},"end":{"line":21,"column":54}},"type":"binary-expr","locations":[{"start":{"line":21,"column":23},"end":{"line":21,"column":48}},{"start":{"line":21,"column":52},"end":{"line":21,"column":54}}],"line":21},"8":{"loc":{"start":{"line":22,"column":20},"end":{"line":22,"column":48}},"type":"binary-expr","locations":[{"start":{"line":22,"column":20},"end":{"line":22,"column":42}},{"start":{"line":22,"column":46},"end":{"line":22,"column":48}}],"line":22},"9":{"loc":{"start":{"line":23,"column":21},"end":{"line":23,"column":50}},"type":"binary-expr","locations":[{"start":{"line":23,"column":21},"end":{"line":23,"column":44}},{"start":{"line":23,"column":48},"end":{"line":23,"column":50}}],"line":23},"10":{"loc":{"start":{"line":24,"column":23},"end":{"line":24,"column":51}},"type":"binary-expr","locations":[{"start":{"line":24,"column":23},"end":{"line":24,"column":45}},{"start":{"line":24,"column":49},"end":{"line":24,"column":51}}],"line":24},"11":{"loc":{"start":{"line":25,"column":27},"end":{"line":25,"column":44}},"type":"binary-expr","locations":[{"start":{"line":25,"column":27},"end":{"line":25,"column":38}},{"start":{"line":25,"column":42},"end":{"line":25,"column":44}}],"line":25},"12":{"loc":{"start":{"line":43,"column":12},"end":{"line":45,"column":36}},"type":"binary-expr","locations":[{"start":{"line":43,"column":12},"end":{"line":43,"column":39}},{"start":{"line":44,"column":12},"end":{"line":44,"column":24}},{"start":{"line":45,"column":12},"end":{"line":45,"column":36}}],"line":43}},"s":{"0":25,"1":25,"2":25,"3":25,"4":25,"5":25,"6":25,"7":25,"8":25,"9":25,"10":25,"11":25,"12":25,"13":12,"14":16,"15":16,"16":2},"f":{"0":25,"1":12,"2":16},"b":{"0":[25,4],"1":[25,4],"2":[25,1],"3":[25,0],"4":[25,2],"5":[25,3],"6":[25,0],"7":[25,0],"8":[25,0],"9":[25,0],"10":[25,0],"11":[25,0],"12":[16,11,10]},"_coverageSchema":"1a1c01bbd47fc00a2c39e90264f33305004495a9","hash":"dda8a9e0df2461b8a91f91fa9e4bd650c9b16d44"}
,"C:\\Users\\edima\\OneDrive\\ProcessoSeletivo\\PayTrack1\\src\\infrastructure\\api\\RandomUsersClient.js": {"path":"C:\\Users\\edima\\OneDrive\\ProcessoSeletivo\\PayTrack1\\src\\infrastructure\\api\\RandomUsersClient.js","statementMap":{"0":{"start":{"line":1,"column":14},"end":{"line":1,"column":30}},"1":{"start":{"line":2,"column":15},"end":{"line":2,"column":38}},"2":{"start":{"line":11,"column":8},"end":{"line":18,"column":11}},"3":{"start":{"line":29,"column":8},"end":{"line":43,"column":9}},"4":{"start":{"line":30,"column":12},"end":{"line":32,"column":15}},"5":{"start":{"line":34,"column":12},"end":{"line":38,"column":13}},"6":{"start":{"line":35,"column":16},"end":{"line":37,"column":18}},"7":{"start":{"line":39,"column":12},"end":{"line":41,"column":13}},"8":{"start":{"line":40,"column":16},"end":{"line":40,"column":88}},"9":{"start":{"line":42,"column":12},"end":{"line":42,"column":77}},"10":{"start":{"line":45,"column":8},"end":{"line":49,"column":9}},"11":{"start":{"line":46,"column":12},"end":{"line":48,"column":14}},"12":{"start":{"line":51,"column":8},"end":{"line":51,"column":37}},"13":{"start":{"line":55,"column":0},"end":{"line":55,"column":34}}},"fnMap":{"0":{"name":"(anonymous_0)","decl":{"start":{"line":10,"column":4},"end":{"line":10,"column":5}},"loc":{"start":{"line":10,"column":18},"end":{"line":19,"column":5}},"line":10},"1":{"name":"(anonymous_1)","decl":{"start":{"line":26,"column":4},"end":{"line":26,"column":5}},"loc":{"start":{"line":26,"column":23},"end":{"line":52,"column":5}},"line":26}},"branchMap":{"0":{"loc":{"start":{"line":34,"column":12},"end":{"line":38,"column":13}},"type":"if","locations":[{"start":{"line":34,"column":12},"end":{"line":38,"column":13}},{"start":{},"end":{}}],"line":34},"1":{"loc":{"start":{"line":39,"column":12},"end":{"line":41,"column":13}},"type":"if","locations":[{"start":{"line":39,"column":12},"end":{"line":41,"column":13}},{"start":{},"end":{}}],"line":39},"2":{"loc":{"start":{"line":45,"column":8},"end":{"line":49,"column":9}},"type":"if","locations":[{"start":{"line":45,"column":8},"end":{"line":49,"column":9}},{"start":{},"end":{}}],"line":45},"3":{"loc":{"start":{"line":45,"column":12},"end":{"line":45,"column":76}},"type":"binary-expr","locations":[{"start":{"line":45,"column":12},"end":{"line":45,"column":35}},{"start":{"line":45,"column":39},"end":{"line":45,"column":76}}],"line":45}},"s":{"0":1,"1":1,"2":7,"3":7,"4":7,"5":3,"6":1,"7":2,"8":1,"9":1,"10":4,"11":2,"12":2,"13":1},"f":{"0":7,"1":7},"b":{"0":[1,2],"1":[1,1],"2":[2,2],"3":[4,3]},"_coverageSchema":"1a1c01bbd47fc00a2c39e90264f33305004495a9","hash":"5fd1ed1ebf26bb9d351e9387d37c862ebe20533e"}
,"C:\\Users\\edima\\OneDrive\\ProcessoSeletivo\\PayTrack1\\src\\infrastructure\\database\\UserRepository.js": {"path":"C:\\Users\\edima\\OneDrive\\ProcessoSeletivo\\PayTrack1\\src\\infrastructure\\database\\UserRepository.js","statementMap":{"0":{"start":{"line":11,"column":8},"end":{"line":11,"column":21}},"1":{"start":{"line":12,"column":8},"end":{"line":12,"column":27}},"2":{"start":{"line":16,"column":8},"end":{"line":35,"column":11}},"3":{"start":{"line":36,"column":8},"end":{"line":36,"column":83}},"4":{"start":{"line":40,"column":21},"end":{"line":40,"column":41}},"5":{"start":{"line":41,"column":8},"end":{"line":41,"column":38}},"6":{"start":{"line":41,"column":20},"end":{"line":41,"column":38}},"7":{"start":{"line":42,"column":20},"end":{"line":42,"column":59}},"8":{"start":{"line":43,"column":8},"end":{"line":43,"column":20}},"9":{"start":{"line":44,"column":8},"end":{"line":44,"column":19}},"10":{"start":{"line":48,"column":8},"end":{"line":48,"column":79}},"11":{"start":{"line":52,"column":21},"end":{"line":57,"column":10}},"12":{"start":{"line":58,"column":8},"end":{"line":62,"column":11}},"13":{"start":{"line":63,"column":8},"end":{"line":63,"column":20}},"14":{"start":{"line":67,"column":21},"end":{"line":83,"column":10}},"15":{"start":{"line":84,"column":8},"end":{"line":89,"column":11}},"16":{"start":{"line":90,"column":8},"end":{"line":90,"column":20}},"17":{"start":{"line":94,"column":20},"end":{"line":94,"column":73}},"18":{"start":{"line":95,"column":8},"end":{"line":95,"column":35}},"19":{"start":{"line":99,"column":0},"end":{"line":99,"column":32}}},"fnMap":{"0":{"name":"(anonymous_0)","decl":{"start":{"line":10,"column":4},"end":{"line":10,"column":5}},"loc":{"start":{"line":10,"column":20},"end":{"line":13,"column":5}},"line":10},"1":{"name":"(anonymous_1)","decl":{"start":{"line":15,"column":4},"end":{"line":15,"column":5}},"loc":{"start":{"line":15,"column":18},"end":{"line":37,"column":5}},"line":15},"2":{"name":"(anonymous_2)","decl":{"start":{"line":39,"column":4},"end":{"line":39,"column":5}},"loc":{"start":{"line":39,"column":27},"end":{"line":45,"column":5}},"line":39},"3":{"name":"(anonymous_3)","decl":{"start":{"line":47,"column":4},"end":{"line":47,"column":5}},"loc":{"start":{"line":47,"column":23},"end":{"line":49,"column":5}},"line":47},"4":{"name":"(anonymous_4)","decl":{"start":{"line":51,"column":4},"end":{"line":51,"column":5}},"loc":{"start":{"line":51,"column":17},"end":{"line":64,"column":5}},"line":51},"5":{"name":"(anonymous_5)","decl":{"start":{"line":66,"column":4},"end":{"line":66,"column":5}},"loc":{"start":{"line":66,"column":17},"end":{"line":91,"column":5}},"line":66},"6":{"name":"(anonymous_6)","decl":{"start":{"line":93,"column":4},"end":{"line":93,"column":5}},"loc":{"start":{"line":93,"column":12},"end":{"line":96,"column":5}},"line":93}},"branchMap":{"0":{"loc":{"start":{"line":41,"column":8},"end":{"line":41,"column":38}},"type":"if","locations":[{"start":{"line":41,"column":8},"end":{"line":41,"column":38}},{"start":{},"end":{}}],"line":41},"1":{"loc":{"start":{"line":42,"column":20},"end":{"line":42,"column":59}},"type":"cond-expr","locations":[{"start":{"line":42,"column":34},"end":{"line":42,"column":52}},{"start":{"line":42,"column":55},"end":{"line":42,"column":59}}],"line":42},"2":{"loc":{"start":{"line":95,"column":15},"end":{"line":95,"column":34}},"type":"cond-expr","locations":[{"start":{"line":95,"column":21},"end":{"line":95,"column":30}},{"start":{"line":95,"column":33},"end":{"line":95,"column":34}}],"line":95}},"s":{"0":12,"1":12,"2":12,"3":12,"4":9,"5":9,"6":3,"7":9,"8":9,"9":9,"10":3,"11":11,"12":11,"13":10,"14":2,"15":2,"16":2,"17":6,"18":6,"19":1},"f":{"0":12,"1":12,"2":9,"3":3,"4":11,"5":2,"6":6},"b":{"0":[3,6],"1":[7,2],"2":[6,0]},"_coverageSchema":"1a1c01bbd47fc00a2c39e90264f33305004495a9","hash":"4c1dfaab41c6ff7c11edb148c7909ad42a923341"}
}
