TN:
SF:src\application\SyncUsersUseCase.js
FN:15,(anonymous_0)
FN:23,(anonymous_1)
FNF:2
FNH:2
FNDA:10,(anonymous_0)
FNDA:10,(anonymous_1)
DA:1,1
DA:16,10
DA:17,10
DA:25,10
DA:34,10
DA:35,9
DA:36,9
DA:37,10
DA:38,10
DA:41,10
DA:42,2
DA:43,2
DA:47,2
DA:51,8
DA:52,2
DA:53,2
DA:56,6
DA:58,6
DA:59,1
DA:60,1
DA:62,5
DA:63,4
DA:66,1
DA:67,1
DA:73,9
DA:74,9
DA:89,1
LF:27
LH:27
BRDA:41,0,0,2
BRDA:41,0,1,8
BRDA:44,1,0,2
BRDA:44,1,1,0
BRDA:51,2,0,2
BRDA:51,2,1,6
BRDA:58,3,0,1
BRDA:58,3,1,5
BRDA:68,4,0,1
BRDA:68,4,1,0
BRF:10
BRH:8
end_of_record
TN:
SF:src\config\index.js
FNF:0
FNH:0
DA:3,1
DA:4,1
DA:10,1
LF:3
LH:3
BRDA:12,0,0,1
BRDA:12,0,1,0
BRDA:14,1,0,1
BRDA:14,1,1,0
BRDA:17,2,0,1
BRDA:17,2,1,0
BRDA:20,3,0,1
BRDA:20,3,1,0
BRDA:22,4,0,1
BRDA:22,4,1,0
BRDA:23,5,0,1
BRDA:23,5,1,0
BRF:12
BRH:6
end_of_record
TN:
SF:src\domain\Users.js
FN:12,(anonymous_0)
FN:32,(anonymous_1)
FN:40,(anonymous_2)
FNF:3
FNH:3
FNDA:25,(anonymous_0)
FNDA:12,(anonymous_1)
FNDA:16,(anonymous_2)
DA:13,25
DA:14,25
DA:15,25
DA:16,25
DA:17,25
DA:18,25
DA:19,25
DA:20,25
DA:21,25
DA:22,25
DA:23,25
DA:24,25
DA:25,25
DA:33,12
DA:41,16
DA:42,16
DA:50,2
LF:17
LH:17
BRDA:13,0,0,25
BRDA:13,0,1,4
BRDA:14,1,0,25
BRDA:14,1,1,4
BRDA:16,2,0,25
BRDA:16,2,1,1
BRDA:17,3,0,25
BRDA:17,3,1,0
BRDA:18,4,0,25
BRDA:18,4,1,2
BRDA:19,5,0,25
BRDA:19,5,1,3
BRDA:20,6,0,25
BRDA:20,6,1,0
BRDA:21,7,0,25
BRDA:21,7,1,0
BRDA:22,8,0,25
BRDA:22,8,1,0
BRDA:23,9,0,25
BRDA:23,9,1,0
BRDA:24,10,0,25
BRDA:24,10,1,0
BRDA:25,11,0,25
BRDA:25,11,1,0
BRDA:43,12,0,16
BRDA:43,12,1,11
BRDA:43,12,2,10
BRF:27
BRH:20
end_of_record
TN:
SF:src\infrastructure\api\RandomUsersClient.js
FN:10,(anonymous_0)
FN:26,(anonymous_1)
FNF:2
FNH:2
FNDA:7,(anonymous_0)
FNDA:7,(anonymous_1)
DA:1,1
DA:2,1
DA:11,7
DA:29,7
DA:30,7
DA:34,3
DA:35,1
DA:39,2
DA:40,1
DA:42,1
DA:45,4
DA:46,2
DA:51,2
DA:55,1
LF:14
LH:14
BRDA:34,0,0,1
BRDA:34,0,1,2
BRDA:39,1,0,1
BRDA:39,1,1,1
BRDA:45,2,0,2
BRDA:45,2,1,2
BRDA:45,3,0,4
BRDA:45,3,1,3
BRF:8
BRH:8
end_of_record
TN:
SF:src\infrastructure\database\UserRepository.js
FN:10,(anonymous_0)
FN:15,(anonymous_1)
FN:39,(anonymous_2)
FN:47,(anonymous_3)
FN:51,(anonymous_4)
FN:66,(anonymous_5)
FN:93,(anonymous_6)
FNF:7
FNH:7
FNDA:12,(anonymous_0)
FNDA:12,(anonymous_1)
FNDA:9,(anonymous_2)
FNDA:3,(anonymous_3)
FNDA:11,(anonymous_4)
FNDA:2,(anonymous_5)
FNDA:6,(anonymous_6)
DA:11,12
DA:12,12
DA:16,12
DA:36,12
DA:40,9
DA:41,9
DA:42,9
DA:43,9
DA:44,9
DA:48,3
DA:52,11
DA:58,11
DA:63,10
DA:67,2
DA:84,2
DA:90,2
DA:94,6
DA:95,6
DA:99,1
LF:19
LH:19
BRDA:41,0,0,3
BRDA:41,0,1,6
BRDA:42,1,0,7
BRDA:42,1,1,2
BRDA:95,2,0,6
BRDA:95,2,1,0
BRF:6
BRH:5
end_of_record
